<?xml version="1.0" encoding="UTF-8"?>
<!-- Generated by org.testng.reporters.JUnitXMLReporter -->
<testsuite hostname="Chowhan-PC" ignored="1" name="Sample" tests="1" failures="0" timestamp="22 May 2020 07:11:35 GMT" time="14.916" errors="0">
  <testcase name="logFB" time="4.659" classname="my.FrameWork.Test.FBLoginTest"/>
  <testcase name="logInValidation" time="0.0" classname="my.FrameWork.Test.FBLoginTest">
    <ignored/>
  </testcase> <!-- logInValidation -->
</testsuite> <!-- Sample -->
