<?xml version="1.0" encoding="UTF-8"?>
<testng-results skipped="0" failed="0" total="1" passed="1">
  <reporter-output>
  </reporter-output>
  <suite name="SampleTest" duration-ms="12804" started-at="2020-05-22T07:33:54Z" finished-at="2020-05-22T07:34:07Z">
    <groups>
    </groups>
    <test name="Sample" duration-ms="12804" started-at="2020-05-22T07:33:54Z" finished-at="2020-05-22T07:34:07Z">
      <class name="my.FrameWork.Test.FBLoginTest">
        <test-method status="PASS" signature="setUp(java.lang.String)[pri:0, instance:my.FrameWork.Test.FBLoginTest@5454d35e]" name="setUp" is-config="true" duration-ms="6696" started-at="2020-05-22T13:03:55Z" finished-at="2020-05-22T13:04:01Z">
          <params>
            <param index="0">
              <value>
                <![CDATA[chrome]]>
              </value>
            </param>
          </params>
          <reporter-output>
          </reporter-output>
        </test-method> <!-- setUp -->
        <test-method status="PASS" signature="logFB(java.util.Hashtable)[pri:0, instance:my.FrameWork.Test.FBLoginTest@5454d35e]" name="logFB" duration-ms="4733" started-at="2020-05-22T13:04:01Z" data-provider="inputData" finished-at="2020-05-22T13:04:06Z">
          <params>
            <param index="0">
              <value>
                <![CDATA[{PassWord=Raju, UserName=Praveen}]]>
              </value>
            </param>
          </params>
          <reporter-output>
          </reporter-output>
        </test-method> <!-- logFB -->
        <test-method status="PASS" signature="tearDown()[pri:0, instance:my.FrameWork.Test.FBLoginTest@5454d35e]" name="tearDown" is-config="true" duration-ms="963" started-at="2020-05-22T13:04:06Z" finished-at="2020-05-22T13:04:07Z">
          <reporter-output>
          </reporter-output>
        </test-method> <!-- tearDown -->
      </class> <!-- my.FrameWork.Test.FBLoginTest -->
    </test> <!-- Sample -->
  </suite> <!-- SampleTest -->
</testng-results>
